<?xml version="1.0" encoding="UTF-8"?>
<!-- Generated by org.testng.reporters.JUnitReportReporter -->
<testsuite hostname="DESKTOP-VUEJM7J" failures="0" tests="1" name="utilites.ravi" time="15.781" errors="0" timestamp="2022-09-24T11:54:09 IST" skipped="0">
  <testcase classname="utilites.ravi" name="login" time="15.781"/>
  <system-out/>
</testsuite> <!-- utilites.ravi -->
