<?xml version="1.0" encoding="UTF-8"?>
<!-- Generated by org.testng.reporters.JUnitReportReporter -->
<testsuite hostname="DESKTOP-VUEJM7J" failures="0" tests="1" name="utilites.Base_Test" time="8.463" errors="0" timestamp="2022-09-24T12:22:47 IST" skipped="0">
  <testcase classname="utilites.Base_Test" name="login" time="8.463"/>
  <system-out/>
</testsuite> <!-- utilites.Base_Test -->
